<?xml version="1.0" encoding="UTF-8"?>
<!-- Generated by org.testng.reporters.JUnitXMLReporter -->
<testsuite ignored="1" hostname="DESKTOP-I6SVELB" failures="0" tests="2" name="Test1" time="0.049" errors="0" timestamp="2023-06-20T20:50:25 IST">
  <testcase classname="TESTNG_Practice.Grouping" name="Test1" time="0.009"/>
  <testcase classname="TESTNG_Practice.Grouping" name="Test2" time="0.001"/>
  <testcase classname="TESTNG_Practice.Grouping" name="Test3" time="0.0">
    <ignored/>
  </testcase> <!-- Test3 -->
</testsuite> <!-- Test1 -->
